; Sprite   : 0
; Mode     : Mode : 1 sprite               
; TGS size : 32
; Address  : Start + #0
sprite0tgs:
    db %00000000
    db %00000011
    db %00001111
    db %00011111
    db %00111010
    db %00110010
    db %01111111
    db %01110010
    db %01111010
    db %01111111
    db %00110010
    db %00111111
    db %00011111
    db %00001111
    db %00000011
    db %00000000
    db %00000000
    db %11000000
    db %11110000
    db %11111000
    db %11011100
    db %01001100
    db %11111110
    db %01001110
    db %11011110
    db %11111110
    db %01001100
    db %11111100
    db %11111000
    db %11110000
    db %11000000
    db %00000000

; Sprite   : 1
; Mode     : Mode : 1 sprite               
; TGS size : 32
; Address  : Start + #32
sprite1tgs:
    db %00000011
    db %00001100
    db %00010000
    db %00101100
    db %01011001
    db %01010001
    db %10000001
    db %10001111
    db %10000111
    db %10000001
    db %01010001
    db %01001100
    db %00100100
    db %00010000
    db %00001100
    db %00000011
    db %11000000
    db %00110000
    db %00001000
    db %00110100
    db %00011010
    db %10001010
    db %10000001
    db %11110001
    db %11100001
    db %10000001
    db %10001010
    db %00110010
    db %00100100
    db %00001000
    db %00110000
    db %11000000

; Sprite   : 2
; Mode     : Mode : 1 sprite               
; TGS size : 32
; Address  : Start + #64
sprite2tgs:
    db %00000011
    db %00001101
    db %00011110
    db %00111110
    db %01111110
    db %01111110
    db %10111100
    db %11000001
    db %11000001
    db %10111100
    db %01111110
    db %01111110
    db %00111110
    db %00011111
    db %00001101
    db %00000011
    db %11000000
    db %10110000
    db %01111000
    db %01111100
    db %01111110
    db %01111110
    db %00111101
    db %10000011
    db %00000011
    db %00111101
    db %01111110
    db %01111110
    db %01111100
    db %11111000
    db %10110000
    db %11000000

; Sprite   : 3
; Mode     : Mode : 1 sprite               
; TGS size : 32
; Address  : Start + #96
sprite3tgs:
    db %00000000
    db %00000011
    db %00001111
    db %00111100
    db %01111000
    db %01111111
    db %01111001
    db %01111010
    db %01100110
    db %01100101
    db %00110110
    db %00111111
    db %00011111
    db %00011111
    db %00001111
    db %00000000
    db %00000000
    db %11110000
    db %11111000
    db %11111000
    db %11111100
    db %00101100
    db %10100110
    db %01100110
    db %11011110
    db %10111110
    db %11111110
    db %00111110
    db %11111100
    db %11110000
    db %11000000
    db %00000000

; Sprite   : 4
; Mode     : Mode : 1 sprite               
; TGS size : 32
; Address  : Start + #128
sprite4tgs:
    db %00000011
    db %00001100
    db %00110011
    db %01001100
    db %10000000
    db %10000000
    db %10000111
    db %10100111
    db %10100011
    db %10100011
    db %01010001
    db %01010000
    db %00100000
    db %00100000
    db %00010000
    db %00001111
    db %11110000
    db %00001000
    db %10000100
    db %00000100
    db %00001010
    db %11001010
    db %11000101
    db %11000101
    db %11100101
    db %11000001
    db %00000001
    db %00100001
    db %11100010
    db %00001100
    db %00110000
    db %11000000

; Sprite   : 5
; Mode     : Mode : 1 sprite               
; TGS size : 32
; Address  : Start + #160
sprite5tgs:
    db %00000011
    db %00001111
    db %00111111
    db %01111111
    db %11011111
    db %11000111
    db %11110000
    db %11111001
    db %11111101
    db %11111100
    db %01111100
    db %01111001
    db %00111001
    db %00110011
    db %00011111
    db %00001111
    db %11110000
    db %11111000
    db %11001100
    db %10011100
    db %10011110
    db %00111110
    db %00111111
    db %10111111
    db %00011111
    db %00000111
    db %11100011
    db %11111011
    db %11111110
    db %11111100
    db %11110000
    db %11000000

; Sprite   : 6
; Mode     : Mode : 1 sprite               
; TGS size : 32
; Address  : Start + #192
sprite6tgs:
    db %00000000
    db %00000011
    db %00011111
    db %00111100
    db %00110010
    db %00111001
    db %01101001
    db %01100110
    db %01100110
    db %01111001
    db %00111011
    db %00111110
    db %00111111
    db %00011111
    db %00000011
    db %00000000
    db %00000000
    db %11000000
    db %11111000
    db %00111100
    db %01001100
    db %10011100
    db %10010110
    db %01100110
    db %11100110
    db %10011110
    db %11011100
    db %01111100
    db %11111100
    db %11111000
    db %11000000
    db %00000000

; Sprite   : 7
; Mode     : Mode : 1 sprite               
; TGS size : 32
; Address  : Start + #224
sprite7tgs:
    db %00000011
    db %00011100
    db %00100011
    db %01000000
    db %01001100
    db %01000110
    db %10100111
    db %10100011
    db %10100011
    db %10010111
    db %01000100
    db %01000000
    db %01000011
    db %00100000
    db %00011100
    db %00000011
    db %11000000
    db %00111000
    db %11000100
    db %00000010
    db %00110010
    db %01100010
    db %11100101
    db %11000101
    db %11000101
    db %11101001
    db %00100010
    db %00000010
    db %11000010
    db %00000100
    db %00111000
    db %11000000

; Sprite   : 8
; Mode     : Mode : 1 sprite               
; TGS size : 32
; Address  : Start + #256
sprite8tgs:
    db %00000011
    db %00011111
    db %00101011
    db %01000111
    db %01100011
    db %01010001
    db %11111000
    db %11111101
    db %11111101
    db %11111000
    db %01010001
    db %01100011
    db %01000111
    db %00101011
    db %00011111
    db %00000011
    db %11000000
    db %11111000
    db %11010100
    db %11100010
    db %11000110
    db %10001010
    db %00011111
    db %10111111
    db %00111111
    db %00011111
    db %10001010
    db %11000110
    db %11100010
    db %11010100
    db %11111000
    db %11000000

; Sprite   : 9
; Mode     : Mode : 1 sprite               
; TGS size : 32
; Address  : Start + #288
sprite9tgs:
    db %00000000
    db %00001111
    db %00011111
    db %00011111
    db %00111111
    db %00110100
    db %01100101
    db %01100110
    db %01111010
    db %01111101
    db %01111111
    db %01111100
    db %00111111
    db %00001111
    db %00000011
    db %00000000
    db %00000000
    db %11000000
    db %11110000
    db %00111100
    db %00011110
    db %11111110
    db %10011110
    db %01011110
    db %11100110
    db %10100110
    db %01101100
    db %11111100
    db %11111000
    db %11111000
    db %11110000
    db %00000000

; Sprite   : 10
; Mode     : Mode : 1 sprite               
; TGS size : 32
; Address  : Start + #320
sprite10tgs:
    db %00001111
    db %00010000
    db %00100001
    db %00100000
    db %01010000
    db %01010011
    db %10100011
    db %10100011
    db %10100111
    db %10000011
    db %10000000
    db %10000100
    db %01000111
    db %00110000
    db %00001100
    db %00000011
    db %11000000
    db %00110000
    db %11001100
    db %00110010
    db %00000001
    db %00000001
    db %11100001
    db %11100101
    db %11000101
    db %11000101
    db %10001010
    db %00001010
    db %00000100
    db %00000100
    db %00001000
    db %11110000

; Sprite   : 11
; Mode     : Mode : 1 sprite               
; TGS size : 32
; Address  : Start + #352
sprite11tgs:
    db %00001111
    db %00011111
    db %00110011
    db %00111001
    db %01111001
    db %01111100
    db %11111100
    db %11111101
    db %11111001
    db %11100000
    db %11000111
    db %11011111
    db %01111111
    db %00111111
    db %00001111
    db %00000011
    db %11000000
    db %11110000
    db %11111100
    db %11111110
    db %11111011
    db %11100011
    db %00000111
    db %10011111
    db %00111111
    db %00111111
    db %00111110
    db %10011110
    db %10011100
    db %11001100
    db %11111000
    db %11110000

; Sprite   : 12
; Mode     : Mode : 1 sprite               
; TGS size : 32
; Address  : Start + #384
sprite12tgs:
    db %00000000
    db %00001111
    db %00011110
    db %00011101
    db %00101001
    db %00100111
    db %01000110
    db %01000100
    db %01011100
    db %01100010
    db %01110111
    db %01111000
    db %00111000
    db %00001111
    db %00000011
    db %00000000
    db %00000000
    db %11000000
    db %00110000
    db %00001100
    db %00011110
    db %11100110
    db %01101110
    db %00111010
    db %00100010
    db %01100010
    db %10100100
    db %10010100
    db %11111000
    db %11111000
    db %11110000
    db %00000000

; Sprite   : 13
; Mode     : Mode : 1 sprite               
; TGS size : 32
; Address  : Start + #416
sprite13tgs:
    db %00001111
    db %00010011
    db %00100000
    db %00100010
    db %01100110
    db %01101011
    db %11011011
    db %11011011
    db %11000111
    db %11011111
    db %10001000
    db %10000011
    db %01000000
    db %00111111
    db %00001111
    db %00000011
    db %11000000
    db %11110000
    db %00111100
    db %11000010
    db %11100001
    db %00011001
    db %11110011
    db %11100011
    db %11011011
    db %11011011
    db %11010110
    db %01100110
    db %00000100
    db %10000100
    db %11001000
    db %11110000

; Sprite   : 14
; Mode     : Mode : 1 sprite               
; TGS size : 32
; Address  : Start + #448
sprite14tgs:
    db %00001111
    db %00010011
    db %00100001
    db %00100000
    db %01110000
    db %01111000
    db %11111001
    db %11111011
    db %11100011
    db %11000001
    db %10000000
    db %10000111
    db %01000111
    db %00111111
    db %00001111
    db %00000011
    db %11000000
    db %11110000
    db %11111100
    db %11110010
    db %11100001
    db %00000001
    db %10000011
    db %11000111
    db %11011111
    db %10011111
    db %00011110
    db %00001110
    db %00000100
    db %10000100
    db %11001000
    db %11110000

; Sprite   : 15
; Mode     : Mode : 1 sprite               
; TGS size : 32
; Address  : Start + #480
sprite15tgs:
    db %00000000
    db %00000000
    db %00001000
    db %00001100
    db %00110010
    db %00011001
    db %00001000
    db %00000100
    db %00000100
    db %00001000
    db %00011011
    db %00101110
    db %00000100
    db %00001000
    db %00000000
    db %00000000
    db %00000000
    db %00000000
    db %00010000
    db %00110000
    db %01001100
    db %10011000
    db %00010000
    db %00100000
    db %00100000
    db %00010000
    db %11011000
    db %01110100
    db %00100000
    db %00010000
    db %00000000
    db %00000000

; Sprite   : 16
; Mode     : Mode : 1 sprite               
; TGS size : 32
; Address  : Start + #512
sprite16tgs:
    db %00000011
    db %00011100
    db %00110011
    db %01111011
    db %01011101
    db %01001110
    db %10110111
    db %10111011
    db %10111011
    db %10110111
    db %01001110
    db %01011101
    db %01111011
    db %00110000
    db %00011100
    db %00000011
    db %11000000
    db %00111000
    db %11001100
    db %11011110
    db %10111010
    db %01110010
    db %11101101
    db %11011101
    db %11011101
    db %11101101
    db %01110010
    db %10111010
    db %11011110
    db %00001100
    db %00111000
    db %11000000

; Sprite   : 17
; Mode     : Mode : 1 sprite               
; TGS size : 32
; Address  : Start + #544
sprite17tgs:
    db %00000011
    db %00011111
    db %00100111
    db %01000011
    db %01001101
    db %01100110
    db %11110111
    db %11111011
    db %11111011
    db %11110111
    db %01100100
    db %01000001
    db %01000011
    db %00100111
    db %00011111
    db %00000011
    db %11000000
    db %11111000
    db %11100100
    db %11000010
    db %10110010
    db %01100110
    db %11101111
    db %11011111
    db %11011111
    db %11101111
    db %00100110
    db %10000010
    db %11000010
    db %11100100
    db %11111000
    db %11000000

; Sprite   : 18
; Mode     : Mode : 1 sprite               
; TGS size : 32
; Address  : Start + #576
sprite18tgs:
    db %00000000
    db %00000000
    db %00000000
    db %00110000
    db %01111000
    db %01100111
    db %00110000
    db %00011000
    db %00000100
    db %00000100
    db %00000100
    db %00001001
    db %00011111
    db %00011110
    db %00001100
    db %00000000
    db %00000000
    db %00110000
    db %01111000
    db %10111000
    db %10010000
    db %00100000
    db %00100000
    db %00100000
    db %00011000
    db %00000100
    db %11101110
    db %00011110
    db %00001100
    db %00000000
    db %00000000
    db %00000000

; Sprite   : 19
; Mode     : Mode : 1 sprite               
; TGS size : 32
; Address  : Start + #608
sprite19tgs:
    db %00000011
    db %00001111
    db %00111111
    db %01111111
    db %11111111
    db %11111111
    db %11111111
    db %11111111
    db %11111111
    db %11111111
    db %01111111
    db %01111111
    db %00111111
    db %00111111
    db %00011111
    db %00001111
    db %11110000
    db %11111000
    db %11111100
    db %11111100
    db %11111110
    db %11111110
    db %11111111
    db %11111111
    db %11111111
    db %11111111
    db %11111111
    db %11111111
    db %11111110
    db %11111100
    db %11110000
    db %11000000

; Sprite   : 20
; Mode     : Mode : 1 sprite               
; TGS size : 32
; Address  : Start + #640
sprite20tgs:
    db %00000011
    db %00001111
    db %00111111
    db %01001111
    db %10000111
    db %10011000
    db %11001111
    db %11100111
    db %11111011
    db %11111011
    db %01111011
    db %01110110
    db %00100000
    db %00100001
    db %00010011
    db %00001111
    db %11110000
    db %11001000
    db %10000100
    db %01000100
    db %01101110
    db %11011110
    db %11011111
    db %11011111
    db %11100111
    db %11111011
    db %00010001
    db %11100001
    db %11110010
    db %11111100
    db %11110000
    db %11000000

; Sprite   : 21
; Mode     : Mode : 1 sprite               
; TGS size : 32
; Address  : Start + #672
sprite21tgs:
    db %00000000
    db %00000000
    db %00000000
    db %00000000
    db %00000000
    db %00000000
    db %00000000
    db %00000000
    db %00000000
    db %00000000
    db %00000000
    db %00000000
    db %00000000
    db %00000000
    db %00000000
    db %00000000
    db %00000000
    db %00000000
    db %00000000
    db %00000000
    db %00000000
    db %00000000
    db %00000000
    db %00000000
    db %00000000
    db %00000000
    db %00000000
    db %00000000
    db %00000000
    db %00000000
    db %00000000
    db %00000000

; Sprite   : 22
; Mode     : Mode : 1 sprite               
; TGS size : 32
; Address  : Start + #704
sprite22tgs:
    db %00000011
    db %00001111
    db %00011111
    db %00111111
    db %01111111
    db %01111111
    db %11111111
    db %11111111
    db %11111111
    db %11111111
    db %01111111
    db %01111111
    db %00111111
    db %00011111
    db %00001111
    db %00000011
    db %11000000
    db %11110000
    db %11111000
    db %11111100
    db %11111110
    db %11111110
    db %11111111
    db %11111111
    db %11111111
    db %11111111
    db %11111110
    db %11111110
    db %11111100
    db %11111000
    db %11110000
    db %11000000

; Sprite   : 23
; Mode     : Mode : 1 sprite               
; TGS size : 32
; Address  : Start + #736
sprite23tgs:
    db %00000011
    db %00001111
    db %00011111
    db %00111111
    db %01111111
    db %01111111
    db %11111111
    db %11111111
    db %11111111
    db %11111111
    db %01111111
    db %01111111
    db %00111111
    db %00011111
    db %00001111
    db %00000011
    db %11000000
    db %11110000
    db %11111000
    db %11111100
    db %11111110
    db %11111110
    db %11111111
    db %11111111
    db %11111111
    db %11111111
    db %11111110
    db %11111110
    db %11111100
    db %11111000
    db %11110000
    db %11000000

; Sprite   : 24
; Mode     : Mode : 1 sprite               
; TGS size : 32
; Address  : Start + #768
sprite24tgs:
    db %00000000
    db %00000000
    db %00000000
    db %00000000
    db %00000000
    db %00000000
    db %00000000
    db %00000000
    db %00000000
    db %00000000
    db %00000000
    db %00000000
    db %00000000
    db %00000000
    db %00000000
    db %00000000
    db %00000000
    db %00000000
    db %00000000
    db %00000000
    db %00000000
    db %00000000
    db %00000000
    db %00000000
    db %00000000
    db %00000000
    db %00000000
    db %00000000
    db %00000000
    db %00000000
    db %00000000
    db %00000000

; Sprite   : 25
; Mode     : Mode : 1 sprite               
; TGS size : 32
; Address  : Start + #800
sprite25tgs:
    db %00000000
    db %00000011
    db %00001111
    db %00011111
    db %00111111
    db %00111111
    db %01111111
    db %01111111
    db %01111111
    db %01111111
    db %00111111
    db %00111111
    db %00011111
    db %00001111
    db %00000011
    db %00000000
    db %00000000
    db %11000000
    db %11110000
    db %11111000
    db %11111100
    db %11111100
    db %11111110
    db %11111110
    db %11111110
    db %11111110
    db %11111100
    db %11111100
    db %11111000
    db %11110000
    db %11000000
    db %00000000

; Sprite   : 26
; Mode     : Mode : 1 sprite               
; TGS size : 32
; Address  : Start + #832
sprite26tgs:
    db %00000000
    db %00000011
    db %00001111
    db %00011111
    db %00111111
    db %00111111
    db %01111111
    db %01111111
    db %01111111
    db %01111111
    db %00111111
    db %00111111
    db %00011111
    db %00001111
    db %00000011
    db %00000000
    db %00000000
    db %11000000
    db %11110000
    db %11111000
    db %11111100
    db %11111100
    db %11111110
    db %11111110
    db %11111110
    db %11111110
    db %11111100
    db %11111100
    db %11111000
    db %11110000
    db %11000000
    db %00000000

; Sprite   : 27
; Mode     : Mode : 1 sprite               
; TGS size : 32
; Address  : Start + #864
sprite27tgs:
    db %00000000
    db %00000000
    db %00000000
    db %00000000
    db %00000000
    db %00000000
    db %00000000
    db %00000000
    db %00000000
    db %00000000
    db %00000000
    db %00000000
    db %00000000
    db %00000000
    db %00000000
    db %00000000
    db %00000000
    db %00000000
    db %00000000
    db %00000000
    db %00000000
    db %00000000
    db %00000000
    db %00000000
    db %00000000
    db %00000000
    db %00000000
    db %00000000
    db %00000000
    db %00000000
    db %00000000
    db %00000000

; Sprite   : 28
; Mode     : Mode : 1 sprite               
; TGS size : 32
; Address  : Start + #896
sprite28tgs:
    db %00000000
    db %00000000
    db %00000011
    db %00001111
    db %00011111
    db %00011111
    db %00111111
    db %00111111
    db %00111111
    db %00111111
    db %00011111
    db %00011111
    db %00001111
    db %00000011
    db %00000000
    db %00000000
    db %00000000
    db %00000000
    db %11000000
    db %11110000
    db %11111000
    db %11111000
    db %11111100
    db %11111100
    db %11111100
    db %11111100
    db %11111000
    db %11111000
    db %11110000
    db %11000000
    db %00000000
    db %00000000

; Sprite   : 29
; Mode     : Mode : 1 sprite               
; TGS size : 32
; Address  : Start + #928
sprite29tgs:
    db %00000000
    db %00000000
    db %00000011
    db %00001111
    db %00011111
    db %00011111
    db %00111111
    db %00111111
    db %00111111
    db %00111111
    db %00011111
    db %00011111
    db %00001111
    db %00000011
    db %00000000
    db %00000000
    db %00000000
    db %00000000
    db %11000000
    db %11110000
    db %11111000
    db %11111000
    db %11111100
    db %11111100
    db %11111100
    db %11111100
    db %11111000
    db %11111000
    db %11110000
    db %11000000
    db %00000000
    db %00000000

; Sprite   : 30
; Mode     : Mode : 1 sprite               
; TGS size : 32
; Address  : Start + #960
sprite30tgs:
    db %00000000
    db %00000000
    db %00000000
    db %00000000
    db %00000000
    db %00000000
    db %00000000
    db %00000000
    db %00000000
    db %00000000
    db %00000000
    db %00000000
    db %00000000
    db %00000000
    db %00000000
    db %00000000
    db %00000000
    db %00000000
    db %00000000
    db %00000000
    db %00000000
    db %00000000
    db %00000000
    db %00000000
    db %00000000
    db %00000000
    db %00000000
    db %00000000
    db %00000000
    db %00000000
    db %00000000
    db %00000000

; Sprite   : 31
; Mode     : Mode : 1 sprite               
; TGS size : 32
; Address  : Start + #992
sprite31tgs:
    db %00000000
    db %00000000
    db %00000000
    db %00000011
    db %00001111
    db %00001111
    db %00011111
    db %00011111
    db %00011111
    db %00011111
    db %00001111
    db %00001111
    db %00000011
    db %00000000
    db %00000000
    db %00000000
    db %00000000
    db %00000000
    db %00000000
    db %11000000
    db %11110000
    db %11110000
    db %11111000
    db %11111000
    db %11111000
    db %11111000
    db %11110000
    db %11110000
    db %11000000
    db %00000000
    db %00000000
    db %00000000

; Sprite   : 32
; Mode     : Mode : 1 sprite               
; TGS size : 32
; Address  : Start + #1024
sprite32tgs:
    db %00000000
    db %00000000
    db %00000000
    db %00000011
    db %00001111
    db %00001111
    db %00011111
    db %00011111
    db %00011111
    db %00011111
    db %00001111
    db %00001111
    db %00000011
    db %00000000
    db %00000000
    db %00000000
    db %00000000
    db %00000000
    db %00000000
    db %11000000
    db %11110000
    db %11110000
    db %11111000
    db %11111000
    db %11111000
    db %11111000
    db %11110000
    db %11110000
    db %11000000
    db %00000000
    db %00000000
    db %00000000

; Sprite   : 33
; Mode     : Mode : 1 sprite               
; TGS size : 32
; Address  : Start + #1056
sprite33tgs:
    db %00000000
    db %00000000
    db %00000000
    db %00000000
    db %00000000
    db %00000000
    db %00000000
    db %00000000
    db %00000000
    db %00000000
    db %00000000
    db %00000000
    db %00000000
    db %00000000
    db %00000000
    db %00000000
    db %00000000
    db %00000000
    db %00000000
    db %00000000
    db %00000000
    db %00000000
    db %00000000
    db %00000000
    db %00000000
    db %00000000
    db %00000000
    db %00000000
    db %00000000
    db %00000000
    db %00000000
    db %00000000

; Sprite   : 34
; Mode     : Mode : 1 sprite               
; TGS size : 32
; Address  : Start + #1088
sprite34tgs:
    db %00000000
    db %00000000
    db %00000000
    db %00000000
    db %00000011
    db %00000111
    db %00001111
    db %00001111
    db %00001111
    db %00001111
    db %00000111
    db %00000011
    db %00000000
    db %00000000
    db %00000000
    db %00000000
    db %00000000
    db %00000000
    db %00000000
    db %00000000
    db %11000000
    db %11100000
    db %11110000
    db %11110000
    db %11110000
    db %11110000
    db %11100000
    db %11000000
    db %00000000
    db %00000000
    db %00000000
    db %00000000

; Sprite   : 35
; Mode     : Mode : 1 sprite               
; TGS size : 32
; Address  : Start + #1120
sprite35tgs:
    db %00000000
    db %00000000
    db %00000000
    db %00000000
    db %00000011
    db %00000111
    db %00001111
    db %00001111
    db %00001111
    db %00001111
    db %00000111
    db %00000011
    db %00000000
    db %00000000
    db %00000000
    db %00000000
    db %00000000
    db %00000000
    db %00000000
    db %00000000
    db %11000000
    db %11100000
    db %11110000
    db %11110000
    db %11110000
    db %11110000
    db %11100000
    db %11000000
    db %00000000
    db %00000000
    db %00000000
    db %00000000

; Sprite   : 0
; TCS size : 16
; Address  : Start + #1152
sprite0tcs:
    db #00
    db #01
    db #01
    db #01
    db #01
    db #01
    db #01
    db #01
    db #01
    db #01
    db #01
    db #01
    db #01
    db #01
    db #01
    db #00

; Sprite   : 1
; TCS size : 16
; Address  : Start + #1168
sprite1tcs:
    db #02
    db #02
    db #00
    db #02
    db #02
    db #02
    db #02
    db #02
    db #02
    db #02
    db #02
    db #00
    db #02
    db #00
    db #02
    db #02

; Sprite   : 2
; TCS size : 16
; Address  : Start + #1184
sprite2tcs:
    db #0C
    db #0C
    db #0C
    db #0C
    db #0C
    db #0C
    db #00
    db #0C
    db #0C
    db #00
    db #0C
    db #0C
    db #0C
    db #0C
    db #0C
    db #0C

; Sprite   : 3
; TCS size : 16
; Address  : Start + #1200
sprite3tcs:
    db #00
    db #01
    db #01
    db #01
    db #00
    db #01
    db #01
    db #01
    db #01
    db #01
    db #01
    db #01
    db #01
    db #01
    db #01
    db #00

; Sprite   : 4
; TCS size : 16
; Address  : Start + #1216
sprite4tcs:
    db #02
    db #02
    db #02
    db #02
    db #00
    db #00
    db #02
    db #02
    db #02
    db #02
    db #02
    db #00
    db #00
    db #00
    db #02
    db #02

; Sprite   : 5
; TCS size : 16
; Address  : Start + #1232
sprite5tcs:
    db #0C
    db #0C
    db #0C
    db #0C
    db #0C
    db #0C
    db #00
    db #0C
    db #0C
    db #00
    db #00
    db #0C
    db #0C
    db #0C
    db #0C
    db #0C

; Sprite   : 6
; TCS size : 16
; Address  : Start + #1248
sprite6tcs:
    db #00
    db #01
    db #01
    db #01
    db #01
    db #01
    db #01
    db #01
    db #01
    db #01
    db #01
    db #01
    db #01
    db #01
    db #01
    db #00

; Sprite   : 7
; TCS size : 16
; Address  : Start + #1264
sprite7tcs:
    db #02
    db #02
    db #02
    db #00
    db #00
    db #02
    db #02
    db #02
    db #02
    db #02
    db #00
    db #00
    db #02
    db #00
    db #02
    db #02

; Sprite   : 8
; TCS size : 16
; Address  : Start + #1280
sprite8tcs:
    db #0C
    db #0C
    db #0C
    db #0C
    db #0C
    db #0C
    db #00
    db #0C
    db #0C
    db #00
    db #0C
    db #0C
    db #0C
    db #0C
    db #0C
    db #0C

; Sprite   : 9
; TCS size : 16
; Address  : Start + #1296
sprite9tcs:
    db #00
    db #01
    db #01
    db #01
    db #01
    db #00
    db #01
    db #01
    db #01
    db #01
    db #01
    db #01
    db #01
    db #01
    db #01
    db #00

; Sprite   : 10
; TCS size : 16
; Address  : Start + #1312
sprite10tcs:
    db #02
    db #02
    db #02
    db #00
    db #00
    db #02
    db #02
    db #02
    db #02
    db #02
    db #00
    db #00
    db #02
    db #00
    db #02
    db #02

; Sprite   : 11
; TCS size : 16
; Address  : Start + #1328
sprite11tcs:
    db #0C
    db #0C
    db #0C
    db #0C
    db #0C
    db #00
    db #00
    db #0C
    db #0C
    db #00
    db #0C
    db #0C
    db #0C
    db #0C
    db #0C
    db #0C

; Sprite   : 12
; TCS size : 16
; Address  : Start + #1344
sprite12tcs:
    db #00
    db #01
    db #01
    db #01
    db #01
    db #01
    db #01
    db #00
    db #00
    db #01
    db #01
    db #00
    db #01
    db #01
    db #01
    db #00

; Sprite   : 13
; TCS size : 16
; Address  : Start + #1360
sprite13tcs:
    db #02
    db #02
    db #00
    db #02
    db #00
    db #02
    db #02
    db #02
    db #02
    db #02
    db #00
    db #02
    db #00
    db #02
    db #02
    db #02

; Sprite   : 14
; TCS size : 16
; Address  : Start + #1376
sprite14tcs:
    db #0C
    db #0C
    db #0C
    db #00
    db #00
    db #00
    db #0C
    db #0C
    db #0C
    db #0C
    db #00
    db #0C
    db #0C
    db #0C
    db #0C
    db #0C

; Sprite   : 15
; TCS size : 16
; Address  : Start + #1392
sprite15tcs:
    db #00
    db #00
    db #01
    db #01
    db #01
    db #01
    db #01
    db #01
    db #01
    db #01
    db #01
    db #01
    db #01
    db #01
    db #00
    db #00

; Sprite   : 16
; TCS size : 16
; Address  : Start + #1408
sprite16tcs:
    db #02
    db #02
    db #02
    db #02
    db #02
    db #02
    db #02
    db #02
    db #02
    db #02
    db #02
    db #02
    db #02
    db #00
    db #02
    db #02

; Sprite   : 17
; TCS size : 16
; Address  : Start + #1424
sprite17tcs:
    db #0C
    db #0C
    db #0C
    db #0C
    db #0C
    db #0C
    db #0C
    db #0C
    db #0C
    db #0C
    db #00
    db #0C
    db #0C
    db #0C
    db #0C
    db #0C

; Sprite   : 18
; TCS size : 16
; Address  : Start + #1440
sprite18tcs:
    db #00
    db #00
    db #00
    db #00
    db #01
    db #01
    db #01
    db #01
    db #01
    db #01
    db #00
    db #01
    db #01
    db #01
    db #01
    db #00

; Sprite   : 19
; TCS size : 16
; Address  : Start + #1456
sprite19tcs:
    db #02
    db #02
    db #02
    db #02
    db #02
    db #02
    db #02
    db #02
    db #02
    db #02
    db #02
    db #02
    db #02
    db #02
    db #02
    db #02

; Sprite   : 20
; TCS size : 16
; Address  : Start + #1472
sprite20tcs:
    db #0C
    db #0C
    db #0C
    db #0C
    db #0C
    db #00
    db #0C
    db #0C
    db #0C
    db #0C
    db #0C
    db #00
    db #00
    db #0C
    db #0C
    db #0C

; Sprite   : 21
; TCS size : 16
; Address  : Start + #1488
sprite21tcs:
    db #00
    db #00
    db #00
    db #00
    db #00
    db #00
    db #00
    db #00
    db #00
    db #00
    db #00
    db #00
    db #00
    db #00
    db #00
    db #00

; Sprite   : 22
; TCS size : 16
; Address  : Start + #1504
sprite22tcs:
    db #02
    db #02
    db #02
    db #02
    db #02
    db #02
    db #02
    db #02
    db #02
    db #02
    db #02
    db #02
    db #02
    db #02
    db #02
    db #02

; Sprite   : 23
; TCS size : 16
; Address  : Start + #1520
sprite23tcs:
    db #0C
    db #0C
    db #0C
    db #0C
    db #0C
    db #0C
    db #0C
    db #0C
    db #0C
    db #0C
    db #0C
    db #0C
    db #0C
    db #0C
    db #0C
    db #0C

; Sprite   : 24
; TCS size : 16
; Address  : Start + #1536
sprite24tcs:
    db #00
    db #00
    db #00
    db #00
    db #00
    db #00
    db #00
    db #00
    db #00
    db #00
    db #00
    db #00
    db #00
    db #00
    db #00
    db #00

; Sprite   : 25
; TCS size : 16
; Address  : Start + #1552
sprite25tcs:
    db #00
    db #02
    db #02
    db #02
    db #02
    db #02
    db #02
    db #02
    db #02
    db #02
    db #02
    db #02
    db #02
    db #02
    db #02
    db #00

; Sprite   : 26
; TCS size : 16
; Address  : Start + #1568
sprite26tcs:
    db #00
    db #0C
    db #0C
    db #0C
    db #0C
    db #0C
    db #0C
    db #0C
    db #0C
    db #0C
    db #0C
    db #0C
    db #0C
    db #0C
    db #0C
    db #00

; Sprite   : 27
; TCS size : 16
; Address  : Start + #1584
sprite27tcs:
    db #00
    db #00
    db #00
    db #00
    db #00
    db #00
    db #00
    db #00
    db #00
    db #00
    db #00
    db #00
    db #00
    db #00
    db #00
    db #00

; Sprite   : 28
; TCS size : 16
; Address  : Start + #1600
sprite28tcs:
    db #00
    db #00
    db #02
    db #02
    db #02
    db #02
    db #02
    db #02
    db #02
    db #02
    db #02
    db #02
    db #02
    db #02
    db #00
    db #00

; Sprite   : 29
; TCS size : 16
; Address  : Start + #1616
sprite29tcs:
    db #00
    db #00
    db #0C
    db #0C
    db #0C
    db #0C
    db #0C
    db #0C
    db #0C
    db #0C
    db #0C
    db #0C
    db #0C
    db #0C
    db #00
    db #00

; Sprite   : 30
; TCS size : 16
; Address  : Start + #1632
sprite30tcs:
    db #00
    db #00
    db #00
    db #00
    db #00
    db #00
    db #00
    db #00
    db #00
    db #00
    db #00
    db #00
    db #00
    db #00
    db #00
    db #00

; Sprite   : 31
; TCS size : 16
; Address  : Start + #1648
sprite31tcs:
    db #00
    db #00
    db #00
    db #02
    db #02
    db #02
    db #02
    db #02
    db #02
    db #02
    db #02
    db #02
    db #02
    db #00
    db #00
    db #00

; Sprite   : 32
; TCS size : 16
; Address  : Start + #1664
sprite32tcs:
    db #00
    db #00
    db #00
    db #0C
    db #0C
    db #0C
    db #0C
    db #0C
    db #0C
    db #0C
    db #0C
    db #0C
    db #0C
    db #00
    db #00
    db #00

; Sprite   : 33
; TCS size : 16
; Address  : Start + #1680
sprite33tcs:
    db #00
    db #00
    db #00
    db #00
    db #00
    db #00
    db #00
    db #00
    db #00
    db #00
    db #00
    db #00
    db #00
    db #00
    db #00
    db #00

; Sprite   : 34
; TCS size : 16
; Address  : Start + #1696
sprite34tcs:
    db #00
    db #00
    db #00
    db #00
    db #02
    db #02
    db #02
    db #02
    db #02
    db #02
    db #02
    db #02
    db #00
    db #00
    db #00
    db #00

; Sprite   : 35
; TCS size : 16
; Address  : Start + #1712
sprite35tcs:
    db #00
    db #00
    db #00
    db #00
    db #0C
    db #0C
    db #0C
    db #0C
    db #0C
    db #0C
    db #0C
    db #0C
    db #00
    db #00
    db #00
    db #00

; Color Palette
; Address  : Start + 1728
pal:
    db #12,#01
    db #23,#02
    db #34,#03
    db #45,#04
    db #03,#01
    db #00,#03
    db #20,#05
    db #40,#06
    db #00,#02
    db #04,#02
    db #15,#03
    db #26,#04
    db #70,#05
    db #00,#00
    db #77,#07
    db #70,#02
