; Sprite   : 0
; Mode     : Mode : 1 sprite               
; TGS size : 32
; Address  : Start + #0
sprite0tgs:
    db %00000000
    db %00000011
    db %00001100
    db %00010011
    db %00101001
    db %00100000
    db %01010010
    db %01011001
    db %01010111
    db %01001101
    db %00101111
    db %00110011
    db %00011000
    db %00001111
    db %00000011
    db %00000000
    db %00000000
    db %11000000
    db %00110000
    db %01001000
    db %11110100
    db %11010100
    db %11101010
    db %10101010
    db %11001010
    db %01010010
    db %10110100
    db %11001100
    db %00011000
    db %11110000
    db %11000000
    db %00000000

; Sprite   : 1
; Mode     : Mode : 1 sprite               
; TGS size : 32
; Address  : Start + #32
sprite1tgs:
    db %00000011
    db %00001100
    db %00010000
    db %00100000
    db %01000110
    db %01001111
    db %10001111
    db %10000110
    db %10000000
    db %10000010
    db %01000000
    db %01000000
    db %00100000
    db %00010000
    db %00001100
    db %00000011
    db %11000000
    db %00110000
    db %00001000
    db %00000100
    db %00000010
    db %00000010
    db %00010001
    db %01010001
    db %00110001
    db %11100001
    db %11000010
    db %00000010
    db %00000100
    db %00001000
    db %00110000
    db %11000000

; Sprite   : 2
; Mode     : Mode : 1 sprite               
; TGS size : 32
; Address  : Start + #64
sprite2tgs:
    db %00000011
    db %00001111
    db %00011111
    db %00111100
    db %01110000
    db %01110110
    db %11100100
    db %11100000
    db %11101000
    db %11110000
    db %01110000
    db %01111100
    db %00111111
    db %00011111
    db %00001111
    db %00000011
    db %11000000
    db %11110000
    db %11111000
    db %10111100
    db %00001110
    db %00101110
    db %00000111
    db %00000111
    db %00000111
    db %00001111
    db %00001110
    db %00111110
    db %11111100
    db %11111000
    db %11110000
    db %11000000

; Sprite   : 0
; TCS size : 16
; Address  : Start + #96
sprite0tcs:
    db #00
    db #05
    db #05
    db #05
    db #05
    db #00
    db #05
    db #05
    db #05
    db #05
    db #05
    db #05
    db #05
    db #05
    db #05
    db #00

; Sprite   : 1
; TCS size : 16
; Address  : Start + #112
sprite1tcs:
    db #06
    db #06
    db #00
    db #00
    db #06
    db #06
    db #06
    db #00
    db #00
    db #00
    db #00
    db #00
    db #00
    db #00
    db #06
    db #06

; Sprite   : 2
; TCS size : 16
; Address  : Start + #128
sprite2tcs:
    db #08
    db #08
    db #08
    db #08
    db #00
    db #08
    db #00
    db #00
    db #00
    db #00
    db #00
    db #00
    db #08
    db #08
    db #08
    db #08

; Color Palette
; Address  : Start + 144
pal:
    db #12,#01
    db #23,#02
    db #34,#03
    db #45,#04
    db #03,#01
    db #00,#03
    db #20,#05
    db #40,#06
    db #00,#02
    db #04,#02
    db #15,#03
    db #26,#04
    db #70,#05
    db #00,#00
    db #77,#07
    db #70,#02
